0 info it worked if it ends with ok
1 verbose cli [ 'C:\\Program Files\\nodejs\\node.exe',
1 verbose cli   'C:\\Program Files\\nodejs\\node_modules\\npm\\bin\\npm-cli.js',
1 verbose cli   'stop' ]
2 info using npm@3.10.8
3 info using node@v6.7.0
4 verbose run-script [ 'prestop', 'stop', 'poststop' ]
5 info lifecycle game-voter@0.0.0~prestop: game-voter@0.0.0
6 silly lifecycle game-voter@0.0.0~prestop: no script for prestop, continuing
7 info lifecycle game-voter@0.0.0~stop: game-voter@0.0.0
8 verbose lifecycle game-voter@0.0.0~stop: unsafe-perm in lifecycle true
9 verbose lifecycle game-voter@0.0.0~stop: PATH: C:\Program Files\nodejs\node_modules\npm\bin\node-gyp-bin;C:\Users\sheodox\code\js\home\node_modules\.bin;C:\Program Files (x86)\NVIDIA Corporation\PhysX\Common;C:\ProgramData\Oracle\Java\javapath;C:\WINDOWS\system32;C:\WINDOWS;C:\WINDOWS\System32\Wbem;C:\WINDOWS\System32\WindowsPowerShell\v1.0\;C:\Program Files (x86)\ATI Technologies\ATI.ACE\Core-Static;C:\Program Files (x86)\Git\cmd;C:\Program Files (x86)\AMD\ATI.ACE\Core-Static;C:\Program Files\Rust stable 1.3\bin;C:\WINDOWS\system32\config\systemprofile\.dnx\bin;C:\Program Files\Microsoft DNX\Dnvm\;C:\Program Files (x86)\Windows Kits\8.1\Windows Performance Toolkit\;C:\Program Files (x86)\Skype\Phone\;C:\Program Files\nodejs\;C:\Users\sheodox\AppData\Local\atom\bin;C:\Program Files\Rust stable 1.3\bin;C:\Program Files (x86)\Microsoft VS Code\bin;C:\Users\sheodox\AppData\Local\Microsoft\WindowsApps;C:\Users\sheodox\AppData\Roaming\npm
10 verbose lifecycle game-voter@0.0.0~stop: CWD: C:\Users\sheodox\code\js\home
11 silly lifecycle game-voter@0.0.0~stop: Args: [ '/d /s /c', 'forever stop app.js' ]
12 silly lifecycle game-voter@0.0.0~stop: Returned: code: 1  signal: null
13 info lifecycle game-voter@0.0.0~stop: Failed to exec stop script
14 verbose stack Error: game-voter@0.0.0 stop: `forever stop app.js`
14 verbose stack Exit status 1
14 verbose stack     at EventEmitter.<anonymous> (C:\Program Files\nodejs\node_modules\npm\lib\utils\lifecycle.js:255:16)
14 verbose stack     at emitTwo (events.js:106:13)
14 verbose stack     at EventEmitter.emit (events.js:191:7)
14 verbose stack     at ChildProcess.<anonymous> (C:\Program Files\nodejs\node_modules\npm\lib\utils\spawn.js:40:14)
14 verbose stack     at emitTwo (events.js:106:13)
14 verbose stack     at ChildProcess.emit (events.js:191:7)
14 verbose stack     at maybeClose (internal/child_process.js:877:16)
14 verbose stack     at Process.ChildProcess._handle.onexit (internal/child_process.js:226:5)
15 verbose pkgid game-voter@0.0.0
16 verbose cwd C:\Users\sheodox\code\js\home
17 error Windows_NT 10.0.14393
18 error argv "C:\\Program Files\\nodejs\\node.exe" "C:\\Program Files\\nodejs\\node_modules\\npm\\bin\\npm-cli.js" "stop"
19 error node v6.7.0
20 error npm  v3.10.8
21 error code ELIFECYCLE
22 error game-voter@0.0.0 stop: `forever stop app.js`
22 error Exit status 1
23 error Failed at the game-voter@0.0.0 stop script 'forever stop app.js'.
23 error Make sure you have the latest version of node.js and npm installed.
23 error If you do, this is most likely a problem with the game-voter package,
23 error not with npm itself.
23 error Tell the author that this fails on your system:
23 error     forever stop app.js
23 error You can get information on how to open an issue for this project with:
23 error     npm bugs game-voter
23 error Or if that isn't available, you can get their info via:
23 error     npm owner ls game-voter
23 error There is likely additional logging output above.
24 verbose exit [ 1, true ]
